[github.com/flipped-aurora/gin-vue-admin/server]2024/03/24 - 15:44:52.547	[31merror[0m	/Users/yuyuehao/Documents/code/maintainer-helper/server/api/v1/cmdb/workflow_template.go:27	è·å–å·¥ä½œæµæ¨¡æ¿åˆ—è¡¨å¤±è´¥!	{"err": "invalid connection"}
[github.com/flipped-aurora/gin-vue-admin/server]2024/03/24 - 15:45:05.936	[31merror[0m	/Users/yuyuehao/Documents/code/maintainer-helper/server/api/v1/system/sys_menu.go:29	è·å–å¤±è´¥!	{"error": "invalid connection"}
[github.com/flipped-aurora/gin-vue-admin/server]2024/03/24 - 16:02:00.384	[31merror[0m	/Users/yuyuehao/Documents/code/maintainer-helper/server/core/server.go:43	accept tcp [::]:8888: use of closed network connection
[github.com/flipped-aurora/gin-vue-admin/server]2024/03/24 - 16:16:37.113	[31merror[0m	/Users/yuyuehao/Documents/code/maintainer-helper/server/core/server.go:43	accept tcp [::]:8888: use of closed network connection
[github.com/flipped-aurora/gin-vue-admin/server]2024/03/24 - 16:35:12.918	[31merror[0m	/Users/yuyuehao/Documents/code/maintainer-helper/server/core/server.go:43	accept tcp [::]:8888: use of closed network connection
[github.com/flipped-aurora/gin-vue-admin/server]2024/03/24 - 17:23:57.925	[31merror[0m	/Users/yuyuehao/Documents/code/maintainer-helper/server/core/server.go:43	accept tcp [::]:8888: use of closed network connection
[github.com/flipped-aurora/gin-vue-admin/server]2024/03/24 - 17:26:49.171	[31merror[0m	/Users/yuyuehao/Documents/code/maintainer-helper/server/api/v1/cmdb/workflow_order.go:47	åˆ›å»ºå¤±è´¥!	{"error": "Error 3140 (22032): Invalid JSON text: \"The document is empty.\" at position 0 in value for column 'work_flow_orders.order_detail'."}
[github.com/flipped-aurora/gin-vue-admin/server]2024/03/24 - 17:28:23.951	[31merror[0m	/Users/yuyuehao/Documents/code/maintainer-helper/server/api/v1/cmdb/workflow_order.go:47	åˆ›å»ºå¤±è´¥!	{"error": "Error 1146 (42S02): Table 'gva.work_flow_order_logs' doesn't exist"}
[github.com/flipped-aurora/gin-vue-admin/server]2024/03/24 - 17:28:23.972	[31merror[0m	/Users/yuyuehao/Documents/code/maintainer-helper/server/core/server.go:43	accept tcp [::]:8888: use of closed network connection
[github.com/flipped-aurora/gin-vue-admin/server]2024/03/24 - 17:32:56.178	[31merror[0m	/Users/yuyuehao/Documents/code/maintainer-helper/server/api/v1/cmdb/workflow_order.go:47	åˆ›å»ºå¤±è´¥!	{"error": "Error 1146 (42S02): Table 'gva.work_flow_order_logs' doesn't exist"}
[github.com/flipped-aurora/gin-vue-admin/server]2024/03/24 - 17:33:00.878	[31merror[0m	/Users/yuyuehao/Documents/code/maintainer-helper/server/core/server.go:43	accept tcp [::]:8888: use of closed network connection
[github.com/flipped-aurora/gin-vue-admin/server]2024/03/24 - 17:33:32.617	[31merror[0m	/Users/yuyuehao/Documents/code/maintainer-helper/server/api/v1/cmdb/workflow_order.go:47	åˆ›å»ºå¤±è´¥!	{"error": "Error 1146 (42S02): Table 'gva.work_flow_order_logs' doesn't exist"}
[github.com/flipped-aurora/gin-vue-admin/server]2024/03/24 - 17:35:13.916	[31merror[0m	/Users/yuyuehao/Documents/code/maintainer-helper/server/core/server.go:43	accept tcp [::]:8888: use of closed network connection
[github.com/flipped-aurora/gin-vue-admin/server]2024/03/24 - 17:59:10.956	[31merror[0m	/Users/yuyuehao/Documents/code/maintainer-helper/server/core/server.go:43	accept tcp [::]:8888: use of closed network connection
[github.com/flipped-aurora/gin-vue-admin/server]2024/03/24 - 18:21:05.019	[31merror[0m	/Users/yuyuehao/Documents/code/maintainer-helper/server/core/server.go:43	accept tcp [::]:8888: use of closed network connection
[github.com/flipped-aurora/gin-vue-admin/server]2024/03/24 - 19:50:49.568	[31merror[0m	/Users/yuyuehao/Documents/code/maintainer-helper/server/core/server.go:43	accept tcp [::]:8888: use of closed network connection
[github.com/flipped-aurora/gin-vue-admin/server]2024/03/24 - 20:34:48.100	[31merror[0m	/Users/yuyuehao/Documents/code/maintainer-helper/server/core/server.go:43	accept tcp [::]:8888: use of closed network connection
[github.com/flipped-aurora/gin-vue-admin/server]2024/03/24 - 20:38:43.248	[31merror[0m	/Users/yuyuehao/Documents/code/maintainer-helper/server/core/server.go:43	accept tcp [::]:8888: use of closed network connection
[github.com/flipped-aurora/gin-vue-admin/server]2024/03/24 - 20:45:04.349	[31merror[0m	/Users/yuyuehao/Documents/code/maintainer-helper/server/core/server.go:43	accept tcp [::]:8888: use of closed network connection
[github.com/flipped-aurora/gin-vue-admin/server]2024/03/24 - 20:46:52.161	[31merror[0m	/Users/yuyuehao/Documents/code/maintainer-helper/server/api/v1/cmdb/workflow_order.go:24	è·å–æ‰€æœ‰å·¥å•åˆ—è¡¨å¤±è´¥!	{"err": "Error 1054 (42S22): Unknown column 'handler' in 'where clause'"}
[github.com/flipped-aurora/gin-vue-admin/server]2024/03/24 - 20:46:52.169	[31merror[0m	/Users/yuyuehao/Documents/code/maintainer-helper/server/core/server.go:43	accept tcp [::]:8888: use of closed network connection
[github.com/flipped-aurora/gin-vue-admin/server]2024/03/24 - 20:51:49.320	[31merror[0m	/Users/yuyuehao/Documents/code/maintainer-helper/server/api/v1/cmdb/workflow_order.go:24	è·å–æ‰€æœ‰å·¥å•åˆ—è¡¨å¤±è´¥!	{"err": "Error 1054 (42S22): Unknown column 'work_flow_order_logs.handler' in 'where clause'"}
[github.com/flipped-aurora/gin-vue-admin/server]2024/03/24 - 20:51:49.328	[31merror[0m	/Users/yuyuehao/Documents/code/maintainer-helper/server/core/server.go:43	accept tcp [::]:8888: use of closed network connection
[github.com/flipped-aurora/gin-vue-admin/server]2024/03/24 - 20:54:02.559	[31merror[0m	/Users/yuyuehao/Documents/code/maintainer-helper/server/api/v1/cmdb/workflow_order.go:24	è·å–æ‰€æœ‰å·¥å•åˆ—è¡¨å¤±è´¥!	{"err": "Error 1054 (42S22): Unknown column 'work_flow_order_logs.work_flow_order_id' in 'on clause'"}
[github.com/flipped-aurora/gin-vue-admin/server]2024/03/24 - 20:54:02.566	[31merror[0m	/Users/yuyuehao/Documents/code/maintainer-helper/server/core/server.go:43	accept tcp [::]:8888: use of closed network connection
[github.com/flipped-aurora/gin-vue-admin/server]2024/03/24 - 21:12:50.917	[31merror[0m	/Users/yuyuehao/Documents/code/maintainer-helper/server/core/server.go:43	accept tcp [::]:8888: use of closed network connection
[github.com/flipped-aurora/gin-vue-admin/server]2024/03/24 - 21:38:49.050	[31merror[0m	/Users/yuyuehao/Documents/code/maintainer-helper/server/core/server.go:43	accept tcp [::]:8888: use of closed network connection
[github.com/flipped-aurora/gin-vue-admin/server]2024/03/24 - 21:44:20.747	[31merror[0m	/Users/yuyuehao/Documents/code/maintainer-helper/server/core/server.go:43	accept tcp [::]:8888: use of closed network connection
[github.com/flipped-aurora/gin-vue-admin/server]2024/03/24 - 21:46:55.223	[31merror[0m	/Users/yuyuehao/Documents/code/maintainer-helper/server/api/v1/cmdb/workflow_order.go:105	è·å–å·¥ä½œæµæ¨¡ç‰ˆä¿¡æ¯å¤±è´¥,è¯·é‡è¯•!	{"error": "record not found"}
[github.com/flipped-aurora/gin-vue-admin/server]2024/03/24 - 21:46:55.223	[31merror[0m	/Users/yuyuehao/Documents/code/maintainer-helper/server/api/v1/cmdb/workflow_order.go:105	è·å–å·¥ä½œæµæ¨¡ç‰ˆä¿¡æ¯å¤±è´¥,è¯·é‡è¯•!	{"error": "bad connection"}
[github.com/flipped-aurora/gin-vue-admin/server]2024/03/24 - 21:46:55.326	[31merror[0m	/Users/yuyuehao/Documents/code/maintainer-helper/server/api/v1/cmdb/workflow_order.go:105	è·å–å·¥ä½œæµæ¨¡ç‰ˆä¿¡æ¯å¤±è´¥,è¯·é‡è¯•!	{"error": "record not found"}
[github.com/flipped-aurora/gin-vue-admin/server]2024/03/24 - 21:46:56.304	[31merror[0m	/Users/yuyuehao/Documents/code/maintainer-helper/server/api/v1/cmdb/workflow_order.go:105	è·å–å·¥ä½œæµæ¨¡ç‰ˆä¿¡æ¯å¤±è´¥,è¯·é‡è¯•!	{"error": "record not found"}
[github.com/flipped-aurora/gin-vue-admin/server]2024/03/24 - 21:48:19.223	[31merror[0m	/Users/yuyuehao/Documents/code/maintainer-helper/server/api/v1/cmdb/workflow_order.go:105	è·å–å·¥ä½œæµæ¨¡ç‰ˆä¿¡æ¯å¤±è´¥,è¯·é‡è¯•!	{"error": "record not found"}
[github.com/flipped-aurora/gin-vue-admin/server]2024/03/24 - 21:48:49.638	[31merror[0m	/Users/yuyuehao/Documents/code/maintainer-helper/server/api/v1/cmdb/workflow_order.go:105	è·å–å·¥ä½œæµæ¨¡ç‰ˆä¿¡æ¯å¤±è´¥,è¯·é‡è¯•!	{"error": "record not found"}
[github.com/flipped-aurora/gin-vue-admin/server]2024/03/24 - 21:49:19.665	[31merror[0m	/Users/yuyuehao/Documents/code/maintainer-helper/server/api/v1/cmdb/workflow_order.go:105	è·å–å·¥ä½œæµæ¨¡ç‰ˆä¿¡æ¯å¤±è´¥,è¯·é‡è¯•!	{"error": "record not found"}
[github.com/flipped-aurora/gin-vue-admin/server]2024/03/24 - 21:49:19.668	[31merror[0m	/Users/yuyuehao/Documents/code/maintainer-helper/server/api/v1/cmdb/workflow_order.go:105	è·å–å·¥ä½œæµæ¨¡ç‰ˆä¿¡æ¯å¤±è´¥,è¯·é‡è¯•!	{"error": "record not found"}
[github.com/flipped-aurora/gin-vue-admin/server]2024/03/24 - 21:49:19.772	[31merror[0m	/Users/yuyuehao/Documents/code/maintainer-helper/server/api/v1/cmdb/workflow_order.go:105	è·å–å·¥ä½œæµæ¨¡ç‰ˆä¿¡æ¯å¤±è´¥,è¯·é‡è¯•!	{"error": "record not found"}
[github.com/flipped-aurora/gin-vue-admin/server]2024/03/24 - 21:49:19.772	[31merror[0m	/Users/yuyuehao/Documents/code/maintainer-helper/server/api/v1/cmdb/workflow_order.go:105	è·å–å·¥ä½œæµæ¨¡ç‰ˆä¿¡æ¯å¤±è´¥,è¯·é‡è¯•!	{"error": "record not found"}
[github.com/flipped-aurora/gin-vue-admin/server]2024/03/24 - 21:49:19.795	[31merror[0m	/Users/yuyuehao/Documents/code/maintainer-helper/server/api/v1/cmdb/workflow_order.go:105	è·å–å·¥ä½œæµæ¨¡ç‰ˆä¿¡æ¯å¤±è´¥,è¯·é‡è¯•!	{"error": "record not found"}
[github.com/flipped-aurora/gin-vue-admin/server]2024/03/24 - 21:49:19.809	[31merror[0m	/Users/yuyuehao/Documents/code/maintainer-helper/server/api/v1/cmdb/workflow_order.go:105	è·å–å·¥ä½œæµæ¨¡ç‰ˆä¿¡æ¯å¤±è´¥,è¯·é‡è¯•!	{"error": "record not found"}
[github.com/flipped-aurora/gin-vue-admin/server]2024/03/24 - 21:49:19.809	[31merror[0m	/Users/yuyuehao/Documents/code/maintainer-helper/server/api/v1/cmdb/workflow_order.go:105	è·å–å·¥ä½œæµæ¨¡ç‰ˆä¿¡æ¯å¤±è´¥,è¯·é‡è¯•!	{"error": "record not found"}
[github.com/flipped-aurora/gin-vue-admin/server]2024/03/24 - 21:49:19.811	[31merror[0m	/Users/yuyuehao/Documents/code/maintainer-helper/server/api/v1/cmdb/workflow_order.go:105	è·å–å·¥ä½œæµæ¨¡ç‰ˆä¿¡æ¯å¤±è´¥,è¯·é‡è¯•!	{"error": "record not found"}
[github.com/flipped-aurora/gin-vue-admin/server]2024/03/24 - 21:49:19.844	[31merror[0m	/Users/yuyuehao/Documents/code/maintainer-helper/server/api/v1/cmdb/workflow_order.go:105	è·å–å·¥ä½œæµæ¨¡ç‰ˆä¿¡æ¯å¤±è´¥,è¯·é‡è¯•!	{"error": "record not found"}
[github.com/flipped-aurora/gin-vue-admin/server]2024/03/24 - 21:49:23.555	[31merror[0m	/Users/yuyuehao/Documents/code/maintainer-helper/server/api/v1/cmdb/workflow_order.go:105	è·å–å·¥ä½œæµæ¨¡ç‰ˆä¿¡æ¯å¤±è´¥,è¯·é‡è¯•!	{"error": "record not found"}
[github.com/flipped-aurora/gin-vue-admin/server]2024/03/24 - 21:49:23.555	[31merror[0m	/Users/yuyuehao/Documents/code/maintainer-helper/server/api/v1/cmdb/workflow_order.go:105	è·å–å·¥ä½œæµæ¨¡ç‰ˆä¿¡æ¯å¤±è´¥,è¯·é‡è¯•!	{"error": "record not found"}
[github.com/flipped-aurora/gin-vue-admin/server]2024/03/24 - 21:49:23.555	[31merror[0m	/Users/yuyuehao/Documents/code/maintainer-helper/server/api/v1/cmdb/workflow_order.go:105	è·å–å·¥ä½œæµæ¨¡ç‰ˆä¿¡æ¯å¤±è´¥,è¯·é‡è¯•!	{"error": "record not found"}
[github.com/flipped-aurora/gin-vue-admin/server]2024/03/24 - 21:49:30.134	[31merror[0m	/Users/yuyuehao/Documents/code/maintainer-helper/server/api/v1/cmdb/workflow_order.go:105	è·å–å·¥ä½œæµæ¨¡ç‰ˆä¿¡æ¯å¤±è´¥,è¯·é‡è¯•!	{"error": "record not found"}
[github.com/flipped-aurora/gin-vue-admin/server]2024/03/24 - 21:50:43.367	[31merror[0m	/Users/yuyuehao/Documents/code/maintainer-helper/server/api/v1/cmdb/workflow_order.go:105	è·å–å·¥ä½œæµæ¨¡ç‰ˆä¿¡æ¯å¤±è´¥,è¯·é‡è¯•!	{"error": "record not found"}
[github.com/flipped-aurora/gin-vue-admin/server]2024/03/24 - 21:53:25.745	[31merror[0m	/Users/yuyuehao/Documents/code/maintainer-helper/server/core/server.go:43	accept tcp [::]:8888: use of closed network connection
[github.com/flipped-aurora/gin-vue-admin/server]2024/03/24 - 21:55:21.663	[31merror[0m	/Users/yuyuehao/Documents/code/maintainer-helper/server/core/server.go:43	accept tcp [::]:8888: use of closed network connection
[github.com/flipped-aurora/gin-vue-admin/server]2024/03/24 - 21:58:29.972	[31merror[0m	/Users/yuyuehao/Documents/code/maintainer-helper/server/core/server.go:43	accept tcp [::]:8888: use of closed network connection
[github.com/flipped-aurora/gin-vue-admin/server]2024/03/24 - 21:58:48.362	[31merror[0m	/Users/yuyuehao/Documents/code/maintainer-helper/server/initialize/gorm.go:59	register table failed	{"error": "invalid field found for struct github.com/flipped-aurora/gin-vue-admin/server/model/cmdb.WorkFlowOrder's field WorkFlowOrderLog: define a valid foreign key for relations or implement the Valuer/Scanner interface"}
[github.com/flipped-aurora/gin-vue-admin/server]2024/03/24 - 21:59:07.068	[31merror[0m	/Users/yuyuehao/Documents/code/maintainer-helper/server/initialize/gorm.go:59	register table failed	{"error": "invalid field found for struct github.com/flipped-aurora/gin-vue-admin/server/model/cmdb.WorkFlowOrder's field WorkFlowOrderLog: define a valid foreign key for relations or implement the Valuer/Scanner interface"}
[github.com/flipped-aurora/gin-vue-admin/server]2024/03/24 - 21:59:40.527	[31merror[0m	/Users/yuyuehao/Documents/code/maintainer-helper/server/initialize/gorm.go:59	register table failed	{"error": "invalid field found for struct github.com/flipped-aurora/gin-vue-admin/server/model/cmdb.WorkFlowOrder's field WorkFlowOrderLog: define a valid foreign key for relations or implement the Valuer/Scanner interface"}
[github.com/flipped-aurora/gin-vue-admin/server]2024/03/24 - 22:01:32.799	[31merror[0m	/Users/yuyuehao/Documents/code/maintainer-helper/server/initialize/gorm.go:59	register table failed	{"error": "invalid field found for struct github.com/flipped-aurora/gin-vue-admin/server/model/cmdb.WorkFlowOrder's field WorkFlowOrderLog: define a valid foreign key for relations or implement the Valuer/Scanner interface"}
[github.com/flipped-aurora/gin-vue-admin/server]2024/03/24 - 22:01:44.610	[31merror[0m	/Users/yuyuehao/Documents/code/maintainer-helper/server/initialize/gorm.go:59	register table failed	{"error": "invalid field found for struct github.com/flipped-aurora/gin-vue-admin/server/model/cmdb.WorkFlowOrder's field WorkFlowOrderLog: define a valid foreign key for relations or implement the Valuer/Scanner interface"}
[github.com/flipped-aurora/gin-vue-admin/server]2024/03/24 - 22:49:04.745	[31merror[0m	/Users/yuyuehao/Documents/code/maintainer-helper/server/api/v1/system/sys_menu.go:29	è·å–å¤±è´¥!	{"error": "invalid connection"}
[github.com/flipped-aurora/gin-vue-admin/server]2024/03/24 - 22:49:05.277	[31merror[0m	/Users/yuyuehao/Documents/code/maintainer-helper/server/api/v1/system/sys_menu.go:29	è·å–å¤±è´¥!	{"error": "invalid connection"}
