[github.com/flipped-aurora/gin-vue-admin/server]2024/03/23 - 01:14:14.560	[31merror[0m	/Users/yuyuehao/Documents/code/maintainer-helper/server/api/v1/system/sys_menu.go:29	è·å–å¤±è´¥!	{"error": "invalid connection"}
[github.com/flipped-aurora/gin-vue-admin/server]2024/03/23 - 01:46:27.490	[31merror[0m	/Users/yuyuehao/Documents/code/maintainer-helper/server/api/v1/system/sys_menu.go:29	è·å–å¤±è´¥!	{"error": "invalid connection"}
[github.com/flipped-aurora/gin-vue-admin/server]2024/03/23 - 02:21:20.166	[31merror[0m	/Users/yuyuehao/Documents/code/maintainer-helper/server/api/v1/system/sys_menu.go:29	è·å–å¤±è´¥!	{"error": "invalid connection"}
[github.com/flipped-aurora/gin-vue-admin/server]2024/03/23 - 02:58:21.824	[31merror[0m	/Users/yuyuehao/Documents/code/maintainer-helper/server/api/v1/system/sys_menu.go:29	è·å–å¤±è´¥!	{"error": "invalid connection"}
[github.com/flipped-aurora/gin-vue-admin/server]2024/03/23 - 03:33:36.583	[31merror[0m	/Users/yuyuehao/Documents/code/maintainer-helper/server/api/v1/system/sys_menu.go:29	è·å–å¤±è´¥!	{"error": "invalid connection"}
[github.com/flipped-aurora/gin-vue-admin/server]2024/03/23 - 04:12:04.412	[31merror[0m	/Users/yuyuehao/Documents/code/maintainer-helper/server/api/v1/system/sys_menu.go:29	è·å–å¤±è´¥!	{"error": "invalid connection"}
[github.com/flipped-aurora/gin-vue-admin/server]2024/03/23 - 05:02:24.231	[31merror[0m	/Users/yuyuehao/Documents/code/maintainer-helper/server/api/v1/system/sys_menu.go:29	è·å–å¤±è´¥!	{"error": "invalid connection"}
[github.com/flipped-aurora/gin-vue-admin/server]2024/03/23 - 05:39:29.565	[31merror[0m	/Users/yuyuehao/Documents/code/maintainer-helper/server/api/v1/system/sys_menu.go:29	è·å–å¤±è´¥!	{"error": "invalid connection"}
[github.com/flipped-aurora/gin-vue-admin/server]2024/03/23 - 06:59:37.250	[31merror[0m	/Users/yuyuehao/Documents/code/maintainer-helper/server/api/v1/system/sys_menu.go:29	è·å–å¤±è´¥!	{"error": "invalid connection"}
[github.com/flipped-aurora/gin-vue-admin/server]2024/03/23 - 08:22:44.930	[31merror[0m	/Users/yuyuehao/Documents/code/maintainer-helper/server/api/v1/system/sys_menu.go:29	è·å–å¤±è´¥!	{"error": "invalid connection"}
[github.com/flipped-aurora/gin-vue-admin/server]2024/03/23 - 09:01:36.148	[31merror[0m	/Users/yuyuehao/Documents/code/maintainer-helper/server/api/v1/system/sys_menu.go:29	è·å–å¤±è´¥!	{"error": "invalid connection"}
[github.com/flipped-aurora/gin-vue-admin/server]2024/03/23 - 10:24:10.979	[31merror[0m	/Users/yuyuehao/Documents/code/maintainer-helper/server/api/v1/system/sys_menu.go:29	è·å–å¤±è´¥!	{"error": "invalid connection"}
[github.com/flipped-aurora/gin-vue-admin/server]2024/03/23 - 12:22:53.335	[31merror[0m	/Users/yuyuehao/Documents/code/maintainer-helper/server/core/server.go:43	accept tcp [::]:8888: use of closed network connection
[github.com/flipped-aurora/gin-vue-admin/server]2024/03/23 - 14:06:58.232	[31merror[0m	/Users/yuyuehao/Documents/code/maintainer-helper/server/core/server.go:43	accept tcp [::]:8888: use of closed network connection
[github.com/flipped-aurora/gin-vue-admin/server]2024/03/23 - 14:11:53.853	[31merror[0m	/Users/yuyuehao/Documents/code/maintainer-helper/server/core/server.go:43	accept tcp [::]:8888: use of closed network connection
[github.com/flipped-aurora/gin-vue-admin/server]2024/03/23 - 15:12:09.474	[31merror[0m	/Users/yuyuehao/Documents/code/maintainer-helper/server/core/server.go:43	accept tcp [::]:8888: use of closed network connection
[github.com/flipped-aurora/gin-vue-admin/server]2024/03/23 - 16:32:12.651	[31merror[0m	/Users/yuyuehao/Documents/code/maintainer-helper/server/core/server.go:43	accept tcp [::]:8888: use of closed network connection
[github.com/flipped-aurora/gin-vue-admin/server]2024/03/23 - 16:54:45.344	[31merror[0m	/Users/yuyuehao/Documents/code/maintainer-helper/server/core/server.go:43	accept tcp [::]:8888: use of closed network connection
[github.com/flipped-aurora/gin-vue-admin/server]2024/03/23 - 17:36:09.587	[31merror[0m	/Users/yuyuehao/Documents/code/maintainer-helper/server/core/server.go:43	accept tcp [::]:8888: use of closed network connection
[github.com/flipped-aurora/gin-vue-admin/server]2024/03/23 - 18:26:42.876	[31merror[0m	/Users/yuyuehao/Documents/code/maintainer-helper/server/api/v1/system/sys_menu.go:29	è·å–å¤±è´¥!	{"error": "invalid connection"}
[github.com/flipped-aurora/gin-vue-admin/server]2024/03/23 - 18:31:35.365	[31merror[0m	/Users/yuyuehao/Documents/code/maintainer-helper/server/core/server.go:43	accept tcp [::]:8888: use of closed network connection
[github.com/flipped-aurora/gin-vue-admin/server]2024/03/23 - 18:43:59.833	[31merror[0m	/Users/yuyuehao/Documents/code/maintainer-helper/server/core/server.go:43	accept tcp [::]:8888: use of closed network connection
[github.com/flipped-aurora/gin-vue-admin/server]2024/03/23 - 18:45:27.492	[31merror[0m	/Users/yuyuehao/Documents/code/maintainer-helper/server/core/server.go:43	accept tcp [::]:8888: use of closed network connection
[github.com/flipped-aurora/gin-vue-admin/server]2024/03/23 - 18:52:39.789	[31merror[0m	/Users/yuyuehao/Documents/code/maintainer-helper/server/core/server.go:43	accept tcp [::]:8888: use of closed network connection
[github.com/flipped-aurora/gin-vue-admin/server]2024/03/23 - 18:54:05.314	[31merror[0m	/Users/yuyuehao/Documents/code/maintainer-helper/server/api/v1/cmdb/workflow_template.go:147	åˆ›å»ºå¤±è´¥!	{"error": "å­˜åœ¨ç›¸åŒçŠ¶æ€åç§° "}
[github.com/flipped-aurora/gin-vue-admin/server]2024/03/23 - 18:54:30.229	[31merror[0m	/Users/yuyuehao/Documents/code/maintainer-helper/server/api/v1/cmdb/workflow_template.go:147	åˆ›å»ºå¤±è´¥!	{"error": "å­˜åœ¨ç›¸åŒçŠ¶æ€åç§° "}
[github.com/flipped-aurora/gin-vue-admin/server]2024/03/23 - 19:08:47.377	[31merror[0m	/Users/yuyuehao/Documents/code/maintainer-helper/server/api/v1/cmdb/workflow_template.go:147	åˆ›å»ºå¤±è´¥!	{"error": "å­˜åœ¨ç›¸åŒçŠ¶æ€åç§° "}
[github.com/flipped-aurora/gin-vue-admin/server]2024/03/23 - 19:19:46.098	[31merror[0m	/Users/yuyuehao/Documents/code/maintainer-helper/server/core/server.go:43	accept tcp [::]:8888: use of closed network connection
[github.com/flipped-aurora/gin-vue-admin/server]2024/03/23 - 19:28:30.725	[31merror[0m	/Users/yuyuehao/Documents/code/maintainer-helper/server/core/server.go:43	accept tcp [::]:8888: use of closed network connection
[github.com/flipped-aurora/gin-vue-admin/server]2024/03/23 - 19:29:07.295	[31merror[0m	/Users/yuyuehao/Documents/code/maintainer-helper/server/core/server.go:43	net.Listen error: listen tcp :8888: bind: address already in use
[github.com/flipped-aurora/gin-vue-admin/server]2024/03/23 - 19:44:23.767	[31merror[0m	/Users/yuyuehao/Documents/code/maintainer-helper/server/core/server.go:43	accept tcp [::]:8888: use of closed network connection
[github.com/flipped-aurora/gin-vue-admin/server]2024/03/23 - 20:00:52.621	[31merror[0m	/Users/yuyuehao/Documents/code/maintainer-helper/server/core/server.go:43	accept tcp [::]:8888: use of closed network connection
[github.com/flipped-aurora/gin-vue-admin/server]2024/03/23 - 20:01:34.670	[31merror[0m	/Users/yuyuehao/Documents/code/maintainer-helper/server/core/server.go:43	accept tcp [::]:8888: use of closed network connection
[github.com/flipped-aurora/gin-vue-admin/server]2024/03/23 - 20:11:30.379	[31merror[0m	/Users/yuyuehao/Documents/code/maintainer-helper/server/core/server.go:43	accept tcp [::]:8888: use of closed network connection
[github.com/flipped-aurora/gin-vue-admin/server]2024/03/23 - 20:30:51.540	[31merror[0m	/Users/yuyuehao/Documents/code/maintainer-helper/server/core/server.go:43	accept tcp [::]:8888: use of closed network connection
[github.com/flipped-aurora/gin-vue-admin/server]2024/03/23 - 20:34:50.832	[31merror[0m	/Users/yuyuehao/Documents/code/maintainer-helper/server/core/server.go:43	accept tcp [::]:8888: use of closed network connection
[github.com/flipped-aurora/gin-vue-admin/server]2024/03/23 - 22:56:52.357	[31merror[0m	/Users/yuyuehao/Documents/code/maintainer-helper/server/core/server.go:43	accept tcp [::]:8888: use of closed network connection
[github.com/flipped-aurora/gin-vue-admin/server]2024/03/23 - 23:00:38.437	[31merror[0m	/Users/yuyuehao/Documents/code/maintainer-helper/server/core/server.go:43	accept tcp [::]:8888: use of closed network connection
[github.com/flipped-aurora/gin-vue-admin/server]2024/03/23 - 23:01:48.004	[31merror[0m	/Users/yuyuehao/Documents/code/maintainer-helper/server/core/server.go:43	accept tcp [::]:8888: use of closed network connection
[github.com/flipped-aurora/gin-vue-admin/server]2024/03/23 - 23:30:56.054	[31merror[0m	/Users/yuyuehao/Documents/code/maintainer-helper/server/api/v1/cmdb/workflow_template.go:221	è·å–å·¥ä½œæµæ¨¡æ¿åˆ—è¡¨å¤±è´¥!	{"err": "Error 1054 (42S22): Unknown column 'work_flow_status.circle_name' in 'field list'"}
[github.com/flipped-aurora/gin-vue-admin/server]2024/03/23 - 23:31:01.507	[31merror[0m	/Users/yuyuehao/Documents/code/maintainer-helper/server/api/v1/cmdb/workflow_template.go:221	è·å–å·¥ä½œæµæ¨¡æ¿åˆ—è¡¨å¤±è´¥!	{"err": "Error 1054 (42S22): Unknown column 'work_flow_status.circle_name' in 'field list'"}
[github.com/flipped-aurora/gin-vue-admin/server]2024/03/23 - 23:32:15.920	[31merror[0m	/Users/yuyuehao/Documents/code/maintainer-helper/server/core/server.go:43	accept tcp [::]:8888: use of closed network connection
[github.com/flipped-aurora/gin-vue-admin/server]2024/03/23 - 23:33:17.193	[31merror[0m	/Users/yuyuehao/Documents/code/maintainer-helper/server/core/server.go:43	accept tcp [::]:8888: use of closed network connection
