[github.com/flipped-aurora/gin-vue-admin/server]2024/04/21 - 00:44:19.304	[31merror[0m	/code/maintainer-helper/server/api/v1/cmdb/assets_apply.go:65	åˆ›å»ºå·¥å•å¤±è´¥!	{"error": "Error 3140 (22032): Invalid JSON text: \"The document is empty.\" at position 0 in value for column 'work_flow_orders.order_detail'."}
[github.com/flipped-aurora/gin-vue-admin/server]2024/04/21 - 00:54:21.188	[31merror[0m	/code/maintainer-helper/server/api/v1/cmdb/workflow_template.go:107	è·å–å·¥ä½œæµæ¨¡ç‰ˆä¿¡æ¯å¤±è´¥,è¯·é‡è¯•!	{"error": "record not found"}
[github.com/flipped-aurora/gin-vue-admin/server]2024/04/21 - 00:56:13.407	[31merror[0m	/code/maintainer-helper/server/api/v1/cmdb/workflow_template.go:107	è·å–å·¥ä½œæµæ¨¡ç‰ˆä¿¡æ¯å¤±è´¥,è¯·é‡è¯•!	{"error": "record not found"}
[github.com/flipped-aurora/gin-vue-admin/server]2024/04/21 - 00:58:00.781	[31merror[0m	/code/maintainer-helper/server/api/v1/cmdb/workflow_order.go:101	è·å–å·¥ä½œæµæ¨¡ç‰ˆä¿¡æ¯å¤±è´¥,è¯·é‡è¯•!	{"error": "record not found"}
[github.com/flipped-aurora/gin-vue-admin/server]2024/04/21 - 00:58:06.846	[31merror[0m	/code/maintainer-helper/server/api/v1/cmdb/workflow_order.go:101	è·å–å·¥ä½œæµæ¨¡ç‰ˆä¿¡æ¯å¤±è´¥,è¯·é‡è¯•!	{"error": "record not found"}
[github.com/flipped-aurora/gin-vue-admin/server]2024/04/21 - 00:58:46.352	[31merror[0m	/code/maintainer-helper/server/api/v1/cmdb/workflow_order.go:101	è·å–å·¥ä½œæµæ¨¡ç‰ˆä¿¡æ¯å¤±è´¥,è¯·é‡è¯•!	{"error": "record not found"}
[github.com/flipped-aurora/gin-vue-admin/server]2024/04/21 - 00:59:31.786	[31merror[0m	/code/maintainer-helper/server/api/v1/cmdb/workflow_order.go:101	è·å–å·¥ä½œæµæ¨¡ç‰ˆä¿¡æ¯å¤±è´¥,è¯·é‡è¯•!	{"error": "record not found"}
[github.com/flipped-aurora/gin-vue-admin/server]2024/04/21 - 01:02:10.297	[31merror[0m	/code/maintainer-helper/server/api/v1/cmdb/workflow_order.go:101	è·å–å·¥ä½œæµæ¨¡ç‰ˆä¿¡æ¯å¤±è´¥,è¯·é‡è¯•!	{"error": "record not found"}
[github.com/flipped-aurora/gin-vue-admin/server]2024/04/21 - 01:02:15.785	[31merror[0m	/code/maintainer-helper/server/api/v1/cmdb/workflow_template.go:107	è·å–å·¥ä½œæµæ¨¡ç‰ˆä¿¡æ¯å¤±è´¥,è¯·é‡è¯•!	{"error": "record not found"}
[github.com/flipped-aurora/gin-vue-admin/server]2024/04/21 - 01:02:26.754	[31merror[0m	/code/maintainer-helper/server/api/v1/cmdb/workflow_order.go:101	è·å–å·¥ä½œæµæ¨¡ç‰ˆä¿¡æ¯å¤±è´¥,è¯·é‡è¯•!	{"error": "record not found"}
[github.com/flipped-aurora/gin-vue-admin/server]2024/04/21 - 01:02:32.465	[31merror[0m	/code/maintainer-helper/server/api/v1/cmdb/workflow_order.go:101	è·å–å·¥ä½œæµæ¨¡ç‰ˆä¿¡æ¯å¤±è´¥,è¯·é‡è¯•!	{"error": "record not found"}
[github.com/flipped-aurora/gin-vue-admin/server]2024/04/21 - 01:02:35.801	[31merror[0m	/code/maintainer-helper/server/api/v1/cmdb/workflow_order.go:101	è·å–å·¥ä½œæµæ¨¡ç‰ˆä¿¡æ¯å¤±è´¥,è¯·é‡è¯•!	{"error": "record not found"}
[github.com/flipped-aurora/gin-vue-admin/server]2024/04/21 - 01:02:37.426	[31merror[0m	/code/maintainer-helper/server/api/v1/cmdb/workflow_order.go:101	è·å–å·¥ä½œæµæ¨¡ç‰ˆä¿¡æ¯å¤±è´¥,è¯·é‡è¯•!	{"error": "record not found"}
[github.com/flipped-aurora/gin-vue-admin/server]2024/04/21 - 01:03:04.125	[31merror[0m	/code/maintainer-helper/server/api/v1/cmdb/workflow_order.go:101	è·å–å·¥ä½œæµæ¨¡ç‰ˆä¿¡æ¯å¤±è´¥,è¯·é‡è¯•!	{"error": "record not found"}
[github.com/flipped-aurora/gin-vue-admin/server]2024/04/21 - 01:03:48.709	[31merror[0m	/code/maintainer-helper/server/api/v1/cmdb/workflow_order.go:101	è·å–å·¥ä½œæµæ¨¡ç‰ˆä¿¡æ¯å¤±è´¥,è¯·é‡è¯•!	{"error": "record not found"}
[github.com/flipped-aurora/gin-vue-admin/server]2024/04/21 - 09:59:42.570	[31merror[0m	/code/maintainer-helper/server/api/v1/cmdb/assets_apply.go:68	åˆ›å»ºå·¥å•å¤±è´¥!	{"error": "Error 1205 (HY000): Lock wait timeout exceeded; try restarting transaction"}
[github.com/flipped-aurora/gin-vue-admin/server]2024/04/21 - 09:59:43.542	[31merror[0m	/code/maintainer-helper/server/api/v1/cmdb/assets_apply.go:68	åˆ›å»ºå·¥å•å¤±è´¥!	{"error": "Error 1205 (HY000): Lock wait timeout exceeded; try restarting transaction"}
[github.com/flipped-aurora/gin-vue-admin/server]2024/04/21 - 09:59:46.887	[31merror[0m	/code/maintainer-helper/server/api/v1/cmdb/assets_apply.go:68	åˆ›å»ºå·¥å•å¤±è´¥!	{"error": "Error 1205 (HY000): Lock wait timeout exceeded; try restarting transaction"}
[github.com/flipped-aurora/gin-vue-admin/server]2024/04/21 - 09:59:52.636	[31merror[0m	/code/maintainer-helper/server/api/v1/cmdb/assets_apply.go:68	åˆ›å»ºå·¥å•å¤±è´¥!	{"error": "Error 1205 (HY000): Lock wait timeout exceeded; try restarting transaction"}
[github.com/flipped-aurora/gin-vue-admin/server]2024/04/21 - 10:02:24.592	[31merror[0m	/code/maintainer-helper/server/api/v1/cmdb/workflow_order.go:101	è·å–å·¥ä½œæµæ¨¡ç‰ˆä¿¡æ¯å¤±è´¥,è¯·é‡è¯•!	{"error": "record not found"}
[github.com/flipped-aurora/gin-vue-admin/server]2024/04/21 - 10:02:32.566	[31merror[0m	/code/maintainer-helper/server/api/v1/cmdb/workflow_order.go:101	è·å–å·¥ä½œæµæ¨¡ç‰ˆä¿¡æ¯å¤±è´¥,è¯·é‡è¯•!	{"error": "record not found"}
[github.com/flipped-aurora/gin-vue-admin/server]2024/04/21 - 10:02:39.884	[31merror[0m	/code/maintainer-helper/server/api/v1/cmdb/workflow_order.go:101	è·å–å·¥ä½œæµæ¨¡ç‰ˆä¿¡æ¯å¤±è´¥,è¯·é‡è¯•!	{"error": "record not found"}
[github.com/flipped-aurora/gin-vue-admin/server]2024/04/21 - 10:03:40.973	[31merror[0m	/code/maintainer-helper/server/api/v1/cmdb/workflow_order.go:101	è·å–å·¥ä½œæµæ¨¡ç‰ˆä¿¡æ¯å¤±è´¥,è¯·é‡è¯•!	{"error": "record not found"}
[github.com/flipped-aurora/gin-vue-admin/server]2024/04/21 - 10:03:48.906	[31merror[0m	/code/maintainer-helper/server/api/v1/cmdb/workflow_order.go:101	è·å–å·¥ä½œæµæ¨¡ç‰ˆä¿¡æ¯å¤±è´¥,è¯·é‡è¯•!	{"error": "record not found"}
[github.com/flipped-aurora/gin-vue-admin/server]2024/04/21 - 10:05:53.303	[31merror[0m	/code/maintainer-helper/server/api/v1/cmdb/assets_apply.go:68	åˆ›å»ºå·¥å•å¤±è´¥!	{"error": "Error 1205 (HY000): Lock wait timeout exceeded; try restarting transaction"}
[github.com/flipped-aurora/gin-vue-admin/server]2024/04/21 - 10:06:07.564	[31merror[0m	/code/maintainer-helper/server/api/v1/cmdb/assets_apply.go:68	åˆ›å»ºå·¥å•å¤±è´¥!	{"error": "Error 1205 (HY000): Lock wait timeout exceeded; try restarting transaction"}
[github.com/flipped-aurora/gin-vue-admin/server]2024/04/21 - 10:06:13.306	[31merror[0m	/code/maintainer-helper/server/api/v1/cmdb/assets_apply.go:68	åˆ›å»ºå·¥å•å¤±è´¥!	{"error": "Error 1205 (HY000): Lock wait timeout exceeded; try restarting transaction"}
[github.com/flipped-aurora/gin-vue-admin/server]2024/04/21 - 10:09:08.176	[31merror[0m	/code/maintainer-helper/server/api/v1/cmdb/workflow_order.go:48	åˆ›å»ºå¤±è´¥!	{"error": "Error 1205 (HY000): Lock wait timeout exceeded; try restarting transaction"}
[github.com/flipped-aurora/gin-vue-admin/server]2024/04/21 - 10:17:29.082	[31merror[0m	/code/maintainer-helper/server/api/v1/cmdb/workflow_order.go:48	åˆ›å»ºå¤±è´¥!	{"error": "record not found"}
[github.com/flipped-aurora/gin-vue-admin/server]2024/04/21 - 10:22:15.888	[31merror[0m	/code/maintainer-helper/server/api/v1/cmdb/workflow_order.go:48	åˆ›å»ºå¤±è´¥!	{"error": "Error 1205 (HY000): Lock wait timeout exceeded; try restarting transaction"}
[github.com/flipped-aurora/gin-vue-admin/server]2024/04/21 - 11:00:43.630	[31merror[0m	/code/maintainer-helper/server/api/v1/cmdb/workflow_order.go:101	è·å–å·¥ä½œæµæ¨¡ç‰ˆä¿¡æ¯å¤±è´¥,è¯·é‡è¯•!	{"error": "record not found"}
[github.com/flipped-aurora/gin-vue-admin/server]2024/04/21 - 11:00:57.396	[31merror[0m	/code/maintainer-helper/server/api/v1/cmdb/workflow_order.go:101	è·å–å·¥ä½œæµæ¨¡ç‰ˆä¿¡æ¯å¤±è´¥,è¯·é‡è¯•!	{"error": "record not found"}
[github.com/flipped-aurora/gin-vue-admin/server]2024/04/21 - 11:01:15.310	[31merror[0m	/code/maintainer-helper/server/api/v1/cmdb/workflow_order.go:101	è·å–å·¥ä½œæµæ¨¡ç‰ˆä¿¡æ¯å¤±è´¥,è¯·é‡è¯•!	{"error": "record not found"}
[github.com/flipped-aurora/gin-vue-admin/server]2024/04/21 - 11:04:23.176	[31merror[0m	/code/maintainer-helper/server/api/v1/cmdb/workflow_order.go:101	è·å–å·¥ä½œæµæ¨¡ç‰ˆä¿¡æ¯å¤±è´¥,è¯·é‡è¯•!	{"error": "record not found"}
[github.com/flipped-aurora/gin-vue-admin/server]2024/04/21 - 12:07:57.221	[31merror[0m	/code/maintainer-helper/server/api/v1/cmdb/workflow_order.go:101	è·å–å·¥ä½œæµæ¨¡ç‰ˆä¿¡æ¯å¤±è´¥,è¯·é‡è¯•!	{"error": "record not found"}
[github.com/flipped-aurora/gin-vue-admin/server]2024/04/21 - 12:08:07.973	[31merror[0m	/code/maintainer-helper/server/api/v1/cmdb/assets_apply.go:96	åˆ é™¤å¤±è´¥!	{"error": "WHERE conditions required"}
[github.com/flipped-aurora/gin-vue-admin/server]2024/04/21 - 12:08:15.841	[31merror[0m	/code/maintainer-helper/server/api/v1/cmdb/workflow_order.go:101	è·å–å·¥ä½œæµæ¨¡ç‰ˆä¿¡æ¯å¤±è´¥,è¯·é‡è¯•!	{"error": "record not found"}
[github.com/flipped-aurora/gin-vue-admin/server]2024/04/21 - 12:08:19.747	[31merror[0m	/code/maintainer-helper/server/api/v1/cmdb/workflow_template.go:107	è·å–å·¥ä½œæµæ¨¡ç‰ˆä¿¡æ¯å¤±è´¥,è¯·é‡è¯•!	{"error": "record not found"}
[github.com/flipped-aurora/gin-vue-admin/server]2024/04/21 - 12:08:23.011	[31merror[0m	/code/maintainer-helper/server/api/v1/cmdb/workflow_order.go:101	è·å–å·¥ä½œæµæ¨¡ç‰ˆä¿¡æ¯å¤±è´¥,è¯·é‡è¯•!	{"error": "record not found"}
[github.com/flipped-aurora/gin-vue-admin/server]2024/04/21 - 12:08:37.090	[31merror[0m	/code/maintainer-helper/server/api/v1/cmdb/workflow_order.go:101	è·å–å·¥ä½œæµæ¨¡ç‰ˆä¿¡æ¯å¤±è´¥,è¯·é‡è¯•!	{"error": "record not found"}
[github.com/flipped-aurora/gin-vue-admin/server]2024/04/21 - 12:09:25.982	[31merror[0m	/code/maintainer-helper/server/api/v1/cmdb/workflow_order.go:101	è·å–å·¥ä½œæµæ¨¡ç‰ˆä¿¡æ¯å¤±è´¥,è¯·é‡è¯•!	{"error": "record not found"}
[github.com/flipped-aurora/gin-vue-admin/server]2024/04/21 - 12:11:40.677	[31merror[0m	/code/maintainer-helper/server/api/v1/cmdb/workflow_order.go:101	è·å–å·¥ä½œæµæ¨¡ç‰ˆä¿¡æ¯å¤±è´¥,è¯·é‡è¯•!	{"error": "record not found"}
[github.com/flipped-aurora/gin-vue-admin/server]2024/04/21 - 12:12:46.291	[31merror[0m	/code/maintainer-helper/server/api/v1/cmdb/workflow_order.go:101	è·å–å·¥ä½œæµæ¨¡ç‰ˆä¿¡æ¯å¤±è´¥,è¯·é‡è¯•!	{"error": "record not found"}
[github.com/flipped-aurora/gin-vue-admin/server]2024/04/21 - 12:13:34.373	[31merror[0m	/code/maintainer-helper/server/api/v1/cmdb/workflow_order.go:101	è·å–å·¥ä½œæµæ¨¡ç‰ˆä¿¡æ¯å¤±è´¥,è¯·é‡è¯•!	{"error": "record not found"}
[github.com/flipped-aurora/gin-vue-admin/server]2024/04/21 - 12:13:48.469	[31merror[0m	/code/maintainer-helper/server/api/v1/cmdb/workflow_order.go:101	è·å–å·¥ä½œæµæ¨¡ç‰ˆä¿¡æ¯å¤±è´¥,è¯·é‡è¯•!	{"error": "record not found"}
[github.com/flipped-aurora/gin-vue-admin/server]2024/04/21 - 13:22:42.824	[31merror[0m	/code/maintainer-helper/server/core/server.go:41	accept tcp [::]:8888: use of closed network connection
[github.com/flipped-aurora/gin-vue-admin/server]2024/04/21 - 14:00:29.781	[31merror[0m	/code/maintainer-helper/server/core/server.go:41	net.Listen error: listen tcp :8888: bind: address already in use
[github.com/flipped-aurora/gin-vue-admin/server]2024/04/21 - 14:01:12.381	[31merror[0m	/code/maintainer-helper/server/core/server.go:41	accept tcp [::]:8888: use of closed network connection
[github.com/flipped-aurora/gin-vue-admin/server]2024/04/21 - 14:04:54.047	[31merror[0m	/code/maintainer-helper/server/api/v1/system/sys_user.go:56	ç™»é™†å¤±è´¥! ç”¨æˆ·åä¸å­˜åœ¨æˆ–è€…å¯†ç é”™è¯¯!	{"error": "record not found"}
[github.com/flipped-aurora/gin-vue-admin/server]2024/04/21 - 14:05:55.571	[31merror[0m	/code/maintainer-helper/server/api/v1/system/sys_user.go:56	ç™»é™†å¤±è´¥! ç”¨æˆ·åä¸å­˜åœ¨æˆ–è€…å¯†ç é”™è¯¯!	{"error": "record not found"}
[github.com/flipped-aurora/gin-vue-admin/server]2024/04/21 - 14:06:29.240	[31merror[0m	/code/maintainer-helper/server/api/v1/system/sys_user.go:56	ç™»é™†å¤±è´¥! ç”¨æˆ·åä¸å­˜åœ¨æˆ–è€…å¯†ç é”™è¯¯!	{"error": "record not found"}
[github.com/flipped-aurora/gin-vue-admin/server]2024/04/21 - 14:20:08.678	[31merror[0m	/code/maintainer-helper/server/api/v1/cmdb/workflow_template.go:166	æ›´æ–°å¤±è´¥!	{"error": "unsupported select args 42 []"}
[github.com/flipped-aurora/gin-vue-admin/server]2024/04/21 - 14:20:47.239	[31merror[0m	/code/maintainer-helper/server/api/v1/cmdb/workflow_template.go:166	æ›´æ–°å¤±è´¥!	{"error": "unsupported select args 42 []"}
[github.com/flipped-aurora/gin-vue-admin/server]2024/04/21 - 14:21:13.473	[31merror[0m	/code/maintainer-helper/server/api/v1/cmdb/workflow_template.go:166	æ›´æ–°å¤±è´¥!	{"error": "unsupported select args 42 []"}
[github.com/flipped-aurora/gin-vue-admin/server]2024/04/21 - 14:22:35.853	[31merror[0m	/code/maintainer-helper/server/api/v1/cmdb/workflow_template.go:166	æ›´æ–°å¤±è´¥!	{"error": "unsupported select args 42 []"}
[github.com/flipped-aurora/gin-vue-admin/server]2024/04/21 - 14:32:33.282	[31merror[0m	/code/maintainer-helper/server/api/v1/cmdb/workflow_order.go:115	å¤„ç†å¤±è´¥!	{"error": "record not found"}
[github.com/flipped-aurora/gin-vue-admin/server]2024/04/21 - 14:33:40.217	[31merror[0m	/code/maintainer-helper/server/api/v1/cmdb/workflow_order.go:115	å¤„ç†å¤±è´¥!	{"error": "record not found"}
[github.com/flipped-aurora/gin-vue-admin/server]2024/04/21 - 14:59:45.666	[31merror[0m	/code/maintainer-helper/server/api/v1/cmdb/assets_apply.go:27	è·å–å·¥ä½œæµæ¨¡æ¿åˆ—è¡¨å¤±è´¥!	{"err": "workFlowOrder: unsupported relations for schema CloudApply; workFlowStatus: unsupported relations for schema CloudApply"}
[github.com/flipped-aurora/gin-vue-admin/server]2024/04/21 - 15:00:29.726	[31merror[0m	/code/maintainer-helper/server/api/v1/cmdb/assets_apply.go:27	è·å–å·¥ä½œæµæ¨¡æ¿åˆ—è¡¨å¤±è´¥!	{"err": "WorkFlowStatus: unsupported relations for schema CloudApply"}
[github.com/flipped-aurora/gin-vue-admin/server]2024/04/21 - 15:03:16.378	[31merror[0m	/code/maintainer-helper/server/api/v1/cmdb/assets_apply.go:27	è·å–å·¥ä½œæµæ¨¡æ¿åˆ—è¡¨å¤±è´¥!	{"err": "WorkFlowStatus: unsupported relations for schema CloudApply"}
[github.com/flipped-aurora/gin-vue-admin/server]2024/04/21 - 23:20:09.827	[31merror[0m	/code/maintainer-helper/server/api/v1/system/sys_menu.go:173	åˆ é™¤å¤±è´¥!	{"error": "æ­¤èœå•å­˜åœ¨å­èœå•ä¸å¯åˆ é™¤"}
