[github.com/flipped-aurora/gin-vue-admin/server]2024/04/23 - 00:13:59.943	[31merror[0m	/code/maintainer-helper/server/core/server.go:41	accept tcp [::]:8888: use of closed network connection
[github.com/flipped-aurora/gin-vue-admin/server]2024/04/23 - 00:15:11.014	[31merror[0m	/code/maintainer-helper/server/core/server.go:41	net.Listen error: listen tcp :8888: bind: address already in use
[github.com/flipped-aurora/gin-vue-admin/server]2024/04/23 - 00:15:19.090	[31merror[0m	/code/maintainer-helper/server/core/server.go:41	accept tcp [::]:8888: use of closed network connection
[github.com/flipped-aurora/gin-vue-admin/server]2024/04/23 - 00:23:47.017	[31merror[0m	/code/maintainer-helper/server/api/v1/cmdb/assets_transfer.go:60	åˆ›å»ºå·¥å•å¤±è´¥!	{"error": "Error 3140 (22032): Invalid JSON text: \"Missing a name for object member.\" at position 107 in value for column 'work_flow_orders.order_detail'."}
[github.com/flipped-aurora/gin-vue-admin/server]2024/04/23 - 00:30:16.450	[31merror[0m	/code/maintainer-helper/server/api/v1/cmdb/assets_transfer.go:60	åˆ›å»ºå·¥å•å¤±è´¥!	{"error": "Error 3140 (22032): Invalid JSON text: \"Missing a name for object member.\" at position 138 in value for column 'work_flow_orders.order_detail'."}
[github.com/flipped-aurora/gin-vue-admin/server]2024/04/23 - 00:31:40.978	[31merror[0m	/code/maintainer-helper/server/api/v1/cmdb/assets_transfer.go:60	åˆ›å»ºå·¥å•å¤±è´¥!	{"error": "Error 3140 (22032): Invalid JSON text: \"Missing a name for object member.\" at position 104 in value for column 'work_flow_orders.order_detail'."}
[github.com/flipped-aurora/gin-vue-admin/server]2024/04/23 - 00:36:39.180	[31merror[0m	/code/maintainer-helper/server/api/v1/cmdb/assets_transfer.go:60	åˆ›å»ºå·¥å•å¤±è´¥!	{"error": "Error 3140 (22032): Invalid JSON text: \"Missing a name for object member.\" at position 108 in value for column 'work_flow_orders.order_detail'."}
[github.com/flipped-aurora/gin-vue-admin/server]2024/04/23 - 00:40:04.149	[31merror[0m	/code/maintainer-helper/server/api/v1/cmdb/assets_transfer.go:69	åˆ›å»ºå¤±è´¥!	{"error": "Error 3140 (22032): Invalid JSON text: \"The document is empty.\" at position 0 in value for column 'work_flow_orders.order_detail'."}
[github.com/flipped-aurora/gin-vue-admin/server]2024/04/23 - 00:45:48.249	[31merror[0m	/code/maintainer-helper/server/api/v1/cmdb/assets_transfer.go:69	åˆ›å»ºå¤±è´¥!	{"error": "Error 3140 (22032): Invalid JSON text: \"The document is empty.\" at position 0 in value for column 'work_flow_orders.order_detail'."}
[github.com/flipped-aurora/gin-vue-admin/server]2024/04/23 - 00:47:06.432	[31merror[0m	/code/maintainer-helper/server/api/v1/cmdb/assets_transfer.go:69	åˆ›å»ºå¤±è´¥!	{"error": "Error 3140 (22032): Invalid JSON text: \"The document is empty.\" at position 0 in value for column 'work_flow_orders.order_detail'."}
[github.com/flipped-aurora/gin-vue-admin/server]2024/04/23 - 00:50:12.468	[31merror[0m	/code/maintainer-helper/server/api/v1/cmdb/assets_transfer.go:62	åˆ›å»ºå·¥å•å¤±è´¥!	{"error": "å­˜åœ¨æ ‡é¢˜å·¥å•åç§° "}
[github.com/flipped-aurora/gin-vue-admin/server]2024/04/23 - 11:19:05.319	[31merror[0m	/code/maintainer-helper/server/core/server.go:41	accept tcp [::]:8888: use of closed network connection
[github.com/flipped-aurora/gin-vue-admin/server]2024/04/23 - 11:40:18.084	[31merror[0m	/code/maintainer-helper/server/core/server.go:41	net.Listen error: listen tcp :8888: bind: address already in use
[github.com/flipped-aurora/gin-vue-admin/server]2024/04/23 - 11:40:29.654	[31merror[0m	/code/maintainer-helper/server/core/server.go:41	accept tcp [::]:8888: use of closed network connection
[github.com/flipped-aurora/gin-vue-admin/server]2024/04/23 - 12:28:13.700	[31merror[0m	/code/maintainer-helper/server/api/v1/example/exa_file_upload_and_download.go:100	è·å–å¤±è´¥!	{"error": "Error 1146 (42S02): Table 'gva.exa_file_upload_and_downloads' doesn't exist"}
[github.com/flipped-aurora/gin-vue-admin/server]2024/04/23 - 12:31:50.207	[31merror[0m	/code/maintainer-helper/server/api/v1/system/sys_authority.go:111	åˆ é™¤å¤±è´¥!	{"error": "æ­¤è§’è‰²æœ‰ç”¨æˆ·æ­£åœ¨ä½¿ç”¨ç¦æ­¢åˆ é™¤"}
[github.com/flipped-aurora/gin-vue-admin/server]2024/04/23 - 13:13:06.909	[31merror[0m	/code/maintainer-helper/server/api/v1/cmdb/workflow_order.go:126	å¤„ç†å¤±è´¥!	{"error": "å½“å‰çŠ¶æ€æ²¡æœ‰ä¸‹ä¸€æ­¥"}
[github.com/flipped-aurora/gin-vue-admin/server]2024/04/23 - 13:13:51.212	[31merror[0m	/code/maintainer-helper/server/api/v1/cmdb/workflow_order.go:126	å¤„ç†å¤±è´¥!	{"error": "å½“å‰çŠ¶æ€æ²¡æœ‰ä¸‹ä¸€æ­¥"}
[github.com/flipped-aurora/gin-vue-admin/server]2024/04/23 - 13:23:38.142	[31merror[0m	/code/maintainer-helper/server/api/v1/cmdb/workflow_order.go:25	è·å–æ‰€æœ‰å·¥å•åˆ—è¡¨å¤±è´¥!	{"err": "Error 1054 (42S22): Unknown column 'create_time' in 'order clause'"}
[github.com/flipped-aurora/gin-vue-admin/server]2024/04/23 - 13:51:23.095	[31merror[0m	/code/maintainer-helper/server/core/server.go:41	accept tcp [::]:8888: use of closed network connection
[github.com/flipped-aurora/gin-vue-admin/server]2024/04/23 - 14:08:34.640	[31merror[0m	/code/maintainer-helper/server/core/server.go:41	net.Listen error: listen tcp :8888: bind: address already in use
[github.com/flipped-aurora/gin-vue-admin/server]2024/04/23 - 14:08:54.831	[31merror[0m	/code/maintainer-helper/server/core/server.go:41	accept tcp [::]:8888: use of closed network connection
[github.com/flipped-aurora/gin-vue-admin/server]2024/04/23 - 14:22:09.434	[31merror[0m	/code/maintainer-helper/server/api/v1/cmdb/workflow_order.go:126	å¤„ç†å¤±è´¥!	{"error": "å½“å‰çŠ¶æ€æ²¡æœ‰ä¸‹ä¸€æ­¥"}
[github.com/flipped-aurora/gin-vue-admin/server]2024/04/23 - 14:39:54.557	[31merror[0m	/code/maintainer-helper/server/api/v1/cmdb/workflow_order.go:52	åˆ›å»ºå¤±è´¥!	{"error": "å­˜åœ¨æ ‡é¢˜å·¥å•åç§° "}
[github.com/flipped-aurora/gin-vue-admin/server]2024/04/23 - 14:40:27.293	[31merror[0m	/code/maintainer-helper/server/api/v1/cmdb/workflow_order.go:52	åˆ›å»ºå¤±è´¥!	{"error": "å­˜åœ¨æ ‡é¢˜å·¥å•åç§° "}
[github.com/flipped-aurora/gin-vue-admin/server]2024/04/23 - 14:47:26.928	[31merror[0m	/code/maintainer-helper/server/api/v1/cmdb/workflow_order.go:126	å¤„ç†å¤±è´¥!	{"error": "å½“å‰çŠ¶æ€æ²¡æœ‰ä¸‹ä¸€æ­¥"}
[github.com/flipped-aurora/gin-vue-admin/server]2024/04/23 - 14:47:28.072	[31merror[0m	/code/maintainer-helper/server/api/v1/cmdb/workflow_order.go:126	å¤„ç†å¤±è´¥!	{"error": "å½“å‰çŠ¶æ€æ²¡æœ‰ä¸‹ä¸€æ­¥"}
[github.com/flipped-aurora/gin-vue-admin/server]2024/04/23 - 15:05:54.134	[31merror[0m	/code/maintainer-helper/server/api/v1/system/sys_menu.go:29	è·å–å¤±è´¥!	{"error": "invalid connection"}
[github.com/flipped-aurora/gin-vue-admin/server]2024/04/23 - 15:05:55.154	[31merror[0m	/code/maintainer-helper/server/core/server.go:41	net.Listen error: listen tcp :8888: bind: address already in use
[github.com/flipped-aurora/gin-vue-admin/server]2024/04/23 - 15:05:57.118	[31merror[0m	/code/maintainer-helper/server/core/server.go:41	accept tcp [::]:8888: use of closed network connection
[github.com/flipped-aurora/gin-vue-admin/server]2024/04/23 - 15:06:09.477	[31merror[0m	/code/maintainer-helper/server/core/server.go:41	accept tcp [::]:8888: use of closed network connection
